<?xml version="1.0" encoding="UTF-8"?>
<testsuite name="ChattyBotTest" tests="1" skipped="0" failures="0" errors="0" timestamp="2022-12-27T20:07:50" hostname="LAPTOP-AQ3NOSUU" time="0.074">
  <properties/>
  <testcase name="start" classname="ChattyBotTest" time="0.074"/>
  <system-out><![CDATA[?[1;31m
Start test 1?[0m
Hello! My name is Aid.
I was created in 2020.
Please, remind me your name.
> John
What a great name you have, John!
?[1;31m
Start test 2?[0m
Hello! My name is Aid.
I was created in 2020.
Please, remind me your name.
> Nick
What a great name you have, Nick!
]]></system-out>
  <system-err><![CDATA[]]></system-err>
</testsuite>
